1048523154 93148402 183571496
1048523154 624 26047 624 26047
1048522854 819 25952 819 25952
1048522800 810 25988 819 26153
1048522500 792 26157 895 26180
1048522200 813 26168 895 26180
1048521900 1563 26136 6676 26219
1048521600 8931 26179 19209 26219
1048521300 19248 26021 19427 26130
1048521000 19429 26136 19439 26164
1048520700 19410 26130 19439 26164
1048520400 19312 25988 19452 26042
1048520100 19426 26031 19452 26042
1048519800 19326 26006 19409 26112
1048519500 19431 26121 19536 26163
1048519200 19488 26132 19536 26163
1048518900 384368 21498 2047575 25991
1048518600 2047575 1030 2047575 1030
1048518300 2047575 1030 2047575 1030
1048518000 2047575 1030 2047575 1030
1048517700 2047575 1030 2047575 1030
1048517400 2047575 1030 2047575 1030
1048517100 2047575 1030 2047575 1030
1048516800 2047575 1030 2047575 1030
1048516500 2047575 1030 2047575 1030
1048516200 2047575 1030 2047575 1030
1048515900 2047575 1030 2047575 1030
1048515600 2047575 1030 2047575 1030
1048515300 2047575 1030 2047575 1030
1048515000 2047575 1030 2047575 1030
1048514700 2047575 1030 2047575 1030
1048514400 2047575 1030 2047575 1030
1048514100 2047575 1030 2047575 1030
1048513800 2047575 1030 2047575 1030
1048513500 2047575 1030 2047575 1030
1048513200 2047575 1030 2047575 1030
1048512900 2047575 1030 2047575 1030
1048512600 2047575 1030 2047575 1030
1048512300 2047575 1030 2047575 1030
1048512000 2047575 1030 2047575 1030
1048511700 2047575 1030 2047575 1030
1048511400 2047575 1030 2047575 1030
1048511100 2047575 1030 2047575 1030
1048510800 2047575 1030 2047575 1030
1048510500 2047575 1030 2047575 1030
1048510200 2047575 1030 2047575 1030
1048509900 2047575 1030 2047575 1030
1048509600 2047575 1030 2047575 1030
1048509300 2047575 1030 2047575 1030
1048509000 2047575 1030 2047575 1030
1048508700 2047575 1030 2047575 1030
1048508400 2047575 1030 2047575 1030
1048508100 2047575 1030 2047575 1030
1048507800 2047575 1030 2047575 1030
1048507500 2047575 1030 2047575 1030
1048507200 2047575 1030 2047575 1030
1048506900 2047575 1030 2047575 1030
1048506600 2047575 1030 2047575 1030
1048506300 2047575 1030 2047575 1030
1048506000 2047575 1030 2047575 1030
1048505700 2047575 1030 2047575 1030
1048505400 2047575 1030 2047575 1030
1048505100 2047575 1030 2047575 1030
1048504800 2047575 1030 2047575 1030
1048504500 2047575 1030 2047575 1030
1048504200 2047575 1030 2047575 1030
1048503900 2047575 1030 2047575 1030
1048503600 2047575 1030 2047575 1030
1048503300 2047575 1030 2047575 1030
1048503000 2047575 1030 2047575 1030
1048502700 2047575 1030 2047575 1030
1048502400 2047575 1030 2047575 1030
1048502100 2047575 1030 2047575 1030
1048501800 2047575 1030 2047575 1030
1048501500 2047575 1030 2047575 1030
1048501200 2047575 1030 2047575 1030
1048500900 2047575 1030 2047575 1030
1048500600 2047575 1030 2047575 1030
1048500300 2047575 1030 2047575 1030
1048500000 2047575 1030 2047575 1030
1048499700 2047575 1030 2047575 1030
1048499400 2047575 1030 2047575 1030
1048499100 2047575 1030 2047575 1030
1048498800 2047575 1030 2047575 1030
1048498500 2047575 1030 2047575 1030
1048498200 2047575 1030 2047575 1030
1048497900 2047575 1030 2047575 1030
1048497600 2047575 1030 2047575 1030
1048497300 2047575 1030 2047575 1030
1048497000 2047575 1030 2047575 1030
1048496700 2047575 1030 2047575 1030
1048496400 2047575 1030 2047575 1030
1048496100 2047575 1030 2047575 1030
1048495800 2047575 1030 2047575 1030
1048495500 2047575 1030 2047575 1030
1048495200 2047575 1030 2047575 1030
1048494900 2047575 1030 2047575 1030
1048494600 2047575 1030 2047575 1030
1048494300 2047575 1030 2047575 1030
1048494000 2047575 1030 2047575 1030
1048493700 2047575 1030 2047575 1030
1048493400 2047575 1030 2047575 1030
1048493100 2047575 1030 2047575 1030
1048492800 2047575 1030 2047575 1030
1048492500 2047575 1030 2047575 1030
1048492200 2047575 1030 2047575 1030
1048491900 2047575 1030 2047575 1030
1048491600 2047575 1030 2047575 1030
1048491300 2047575 1030 2047575 1030
1048491000 2047575 1030 2047575 1030
1048490700 2047575 1030 2047575 1030
1048490400 2047575 1030 2047575 1030
1048490100 2047575 1030 2047575 1030
1048489800 2047575 1030 2047575 1030
1048489500 2047575 1030 2047575 1030
1048489200 2047575 1030 2047575 1030
1048488900 2047575 1030 2047575 1030
1048488600 2047575 1030 2047575 1030
1048488300 2047575 1030 2047575 1030
1048488000 2047575 1030 2047575 1030
1048487700 2047575 1030 2047575 1030
1048487400 2047575 1030 2047575 1030
1048487100 2047575 1030 2047575 1030
1048486800 2047575 1030 2047575 1030
1048486500 2047575 1030 2047575 1030
1048486200 2047575 1030 2047575 1030
1048485900 2047575 1030 2047575 1030
1048485600 2047575 1030 2047575 1030
1048485300 2047575 1030 2047575 1030
1048485000 2047575 1030 2047575 1030
1048484700 2047575 1030 2047575 1030
1048484400 2047575 1030 2047575 1030
1048484100 2047575 1030 2047575 1030
1048483800 2047575 1030 2047575 1030
1048483500 2047575 1030 2047575 1030
1048483200 2047575 1030 2047575 1030
1048482900 2047575 1030 2047575 1030
1048482600 2047575 1030 2047575 1030
1048482300 2047575 1030 2047575 1030
1048482000 2047575 1030 2047575 1030
1048481700 2047575 1030 2047575 1030
1048481400 2047575 1030 2047575 1030
1048481100 2047575 1030 2047575 1030
1048480800 2047575 1030 2047575 1030
1048480500 2047575 1030 2047575 1030
1048480200 2047575 1030 2047575 1030
1048479900 2047575 1030 2047575 1030
1048479600 2047575 1030 2047575 1030
1048479300 2047575 1030 2047575 1030
1048479000 2047575 1030 2047575 1030
1048478700 2047575 1030 2047575 1030
1048478400 2047575 1030 2047575 1030
1048478100 2047575 1030 2047575 1030
1048477800 2047575 1030 2047575 1030
1048477500 2047575 1030 2047575 1030
1048477200 2047575 1030 2047575 1030
1048476900 2047575 1030 2047575 1030
1048476600 2047575 1030 2047575 1030
1048476300 2047575 1030 2047575 1030
1048476000 2047575 1030 2047575 1030
1048475700 2047575 1030 2047575 1030
1048475400 2047575 1030 2047575 1030
1048475100 2047575 1030 2047575 1030
1048474800 2047575 1030 2047575 1030
1048474500 2047575 1030 2047575 1030
1048474200 2047575 1030 2047575 1030
1048473900 2047575 1030 2047575 1030
1048473600 2047575 1030 2047575 1030
1048473300 1932880 1026 2047575 1030
1048473000 409083 979 409083 979
1048472700 409083 979 409083 979
1048472400 409083 979 409083 979
1048472100 409083 979 409083 979
1048471800 409083 979 409083 979
1048471500 409083 979 409083 979
1048471200 409083 979 409083 979
1048470900 409083 979 409083 979
1048470600 409083 983 409083 1041
1048470300 409083 1041 409083 1041
1048470000 409083 1041 409083 1041
1048469700 409083 1041 409083 1041
1048469400 409083 1041 409083 1041
1048469100 409083 1041 409083 1041
1048468800 409083 1041 409083 1041
1048468500 409083 1041 409083 1041
1048468200 409083 1041 409083 1041
1048467900 375032 3265 409083 25753
1048467600 30742 25753 30742 25753
1048467300 30742 25753 30742 25753
1048467000 30742 25753 30742 25753
1048466700 30742 25753 30742 25753
1048466400 30742 25753 30742 25753
1048466100 30742 25753 30742 25753
1048465800 30742 25753 30742 25753
1048465500 30742 25753 30742 25753
1048465200 30742 25753 30742 25753
1048464900 30742 25753 30742 25753
1048464600 30742 25753 30742 25753
1048464300 30742 25753 30742 25753
1048464000 30684 25838 30742 27107
1048463700 29824 27151 29837 27813
1048463400 29284 27448 29637 27813
1048463100 24395 22372 29189 26965
1048462800 29102 26910 29189 26965
1048462500 28047 26213 31449 27733
1048462200 31484 27747 31983 27945
1048461900 31918 27950 31983 28034
1048461600 31036 28087 31997 28880
1048461300 31967 28838 31997 28880
1048461000 31558 28254 32034 28590
1048460700 32073 28633 32663 29269
1048460400 32643 29228 32663 29269
1048460100 32428 28689 33518 29617
1048459800 33542 29522 33905 29617
1048459500 33642 28269 33905 30501
1048459200 29646 30588 29756 31876
1048458900 28136 31872 29807 31876
1048458600 30268 31790 37096 31817
1048458300 37116 31334 37414 31400
1048458000 37285 30352 37414 30358
1048457700 34992 30330 35384 31271
1048457400 29249 31088 29846 31271
1048457100 29893 28355 30603 28394
1048456800 30524 27797 30603 27940
1048456500 29397 27886 29973 27940
1048456200 30038 27071 31013 27100
1048455900 30951 26756 31013 28307
1048455600 29983 28231 30044 28307
1048455300 29040 27214 29087 28804
1048455000 28489 28788 30569 28804
1048454700 30529 28522 30569 28560
1048454400 29932 27943 29950 27974
1048454100 29706 27432 30109 27495
1048453800 30159 26566 30914 27474
1048453500 30929 27450 31153 27474
1048453200 31151 27120 31153 27457
1048452900 31104 27468 31122 27641
1048452600 30822 27588 30848 27641
1048452300 29674 26262 30451 26811
1048452000 18029 17979 18197 18148
1048451700 15709 15487 18026 15490
1048451400 17876 15339 18026 15451
1048451100 15499 13661 15662 13696
1048450800 12973 13032 13090 13148
1048450500 11215 11477 11247 13782
1048450200 10909 13788 13362 13879
1048449900 13406 13906 14071 14314
1048449600 14498 14809 20479 21739
1048449300 19837 21022 20479 21739
1048449000 11207 11197 23864 22726
1048448700 24224 23095 29560 28568
1048448400 29601 28541 30216 28568
1048448100 30146 28157 30216 28234
1048447800 29093 28269 29116 28795
1048447500 28738 28655 28761 28795
1048447200 28555 26769 30875 29277
1048446900 29903 28490 30875 29277
1048446600 15389 16630 15540 16862
1048446300 12985 13018 13161 13207
1048446000 10571 10403 13217 12999
1048445700 13103 12917 13217 12999
1048445400 11869 12136 18438 18439
1048445100 18164 18208 18438 18439
1048444800 14029 14699 14126 14799
1048444500 12555 13184 12598 13224
1048444200 11981 12652 12688 13381
1048443900 12697 13763 12839 19420
1048443600 12864 19067 13241 19420
1048443300 13109 13736 13241 13853
1048443000 11155 11967 11168 12020
1048442700 10958 11185 10967 11192
1048442400 10774 11042 10828 11087
1048442100 10402 10726 16662 15835
1048441800 17019 16266 22304 22643
1048441500 22294 22605 22304 22643
1048441200 22157 22083 22158 22677
1048440900 22185 22693 22742 22941
1048440600 22704 22907 22742 22941
1048440300 22260 22337 24016 22407
1048440000 23890 21349 24016 22038
1048439700 22105 22031 23076 22038
1048439400 23072 21883 23076 21928
1048439100 22990 21334 23015 22980
1048438800 22687 23038 23454 23903
1048438500 23433 23863 23454 23903
1048438200 23194 23325 24180 23954
1048437900 24095 23874 24180 23954
1048437600 22759 22619 22844 22705
1048437300 21591 21405 22688 22166
1048437000 22673 22241 22688 23361
1048436700 22475 23414 22771 24213
1048436400 22755 24091 22771 24213
1048436100 22565 22400 23231 23872
1048435800 23216 23839 23231 23872
1048435500 23003 23331 23115 23361
1048435200 23025 22842 23115 22888
1048434900 21774 22216 22922 22889
1048434600 22934 22929 23127 23521
1048434300 23194 23545 24185 23905
1048434000 24138 23833 24185 23905
1048433700 23434 22805 23446 23194
1048433400 23224 23174 23257 23194
1048433100 22735 22902 22750 23222
1048432800 22505 23196 22516 23222
1048432500 22524 22964 24983 25126
1048432200 24989 24868 25079 25126
1048431900 25440 21276 30789 24507
1048431600 30744 24743 30789 28245
1048431300 30001 28269 30086 28627
1048431000 28721 28618 28751 28627
1048430700 28287 28494 28291 28511
1048430400 28250 28519 28555 28638
1048430100 28549 28681 28555 29318
1048429800 28353 29399 28467 30604
1048429500 26682 30401 26875 30604
1048429200 26585 27088 26875 27414
1048428900 22372 22354 23483 23602
1048428600 23434 23566 23483 23602
1048428300 22700 23027 22710 23038
1048428000 22520 22834 22555 22869
1048427700 22004 22341 22016 22530
1048427400 21855 22537 22150 22644
1048427100 22227 22729 23366 23999
1048426800 23169 23772 23366 23999
1048426500 20669 20860 26658 27407
1048426200 26685 27345 27093 27407
1048425900 27046 26602 27093 29042
1048425600 26386 28920 26718 29042
1048425300 26789 27051 27842 27127
1048425000 27844 25929 27887 25934
1048424700 27998 25942 29647 27222
1048424400 29287 27000 29647 27222
1048424100 23188 22937 23974 23723
1048423800 12529 12280 26643 26511
1048423500 26679 26546 27220 27071
1048423200 27209 27096 27220 27466
1048422900 27087 27506 27664 28099
1048422600 27663 28054 27664 28099
1048422300 27714 27495 28672 29024
1048422000 28630 28979 28672 29024
1048421700 28003 28309 28015 28326
1048421400 27918 28020 29074 28058
1048421100 29069 27530 29074 28505
1048420800 28945 28421 28999 28505
1048420500 28198 27212 28899 27481
1048420200 28853 27508 28899 27908
1048419900 28211 27886 28767 27908
1048419600 28706 27528 28767 27568
1048419300 27916 27060 29559 28705
1048419000 29472 28608 29559 28705
1048418700 28192 27198 28271 27508
1048418400 28298 27489 28698 27508
1048418100 28642 27187 28698 27212
1048417800 27877 26778 28646 26824
1048417500 28538 26145 28646 26757
1048417200 25622 25464 26951 26757
1048416900 6301 6432 11169 7661
1048416600 10820 7597 11169 7661
1048416300 5583 6539 5659 6652
1048416000 5547 5935 21525 21613
1048415700 21810 21872 26035 25707
1048415400 26124 25788 27453 26990
1048415100 27558 27093 29115 28618
1048414800 29022 28564 29115 28618
1048414500 27533 27646 27659 27769
1048414200 25738 25907 26721 27105
1048413900 26486 26839 26721 27105
1048413600 23248 23146 26554 26516
1048413300 26570 26530 26810 26739
1048413000 26164 26100 26810 26739
1048412700 15902 15932 16623 16660
1048412400 5264 5123 5478 5174
1048412100 5475 4438 5478 5347
1048411800 5560 5303 7311 5347
1048411500 7177 4690 7311 5191
1048411200 5508 5425 10062 8898
1048410900 10640 9548 19196 19176
1048410600 19689 19625 26984 26270
1048410300 26980 26309 26984 26901
1048410000 26726 26702 26934 26901
1048409700 23654 23768 23657 23769
1048409400 23516 23649 23622 23763
1048409100 22005 22030 22786 22885
1048408800 22727 22825 22786 22885
1048408500 21975 22103 23752 24554
1048408200 23739 24539 23752 24554
1048407900 23576 24323 23843 24378
1048407600 22659 23187 23843 24378
1048407300 5143 5618 5149 6141
1048407000 5026 6082 5068 6141
1048406700 4363 5141 4412 5215
1048406400 3636 4039 3646 4059
1048406100 3515 3757 3790 3877
1048405800 3817 3917 4229 4510
1048405500 4282 4556 5081 5252
1048405200 4970 5148 5081 5252
1048404900 3429 3679 4692 4670
1048404600 4690 4690 4692 4988
1048404300 4786 5090 6432 6603
1048404000 6823 6997 12606 12839
1048403700 13300 13546 23568 24010
1048403400 23558 24006 23568 24010
1048403100 23473 24008 24278 24768
1048402800 24250 24741 24278 24768
1048402500 23820 24328 23838 24346
1048402200 23561 24074 23562 24137
1048401900 23618 24131 24547 24137
1048401600 24603 24093 25445 24826
1048401300 25334 24776 25445 24826
1048401000 23751 24087 24432 24801
1048400700 24415 24760 24432 24801
1048400400 24101 24105 24164 24169
1048400100 22772 22785 23183 23172
1048399800 15926 16290 16695 17077
1048399500 4543 4641 4563 4657
1048399200 4272 4426 4569 4615
1048398900 4550 4606 4569 4615
1048398600 4212 4424 4269 4480
1048398300 3385 3607 3478 3755
1048398000 3494 3780 3736 4157
1048397700 3736 4156 3751 4157
1048397400 3792 4137 4402 4149
1048397100 4438 4072 4975 5695
1048396800 5877 6535 18518 18307
1048396500 19090 18923 27562 28043
1048396200 27503 27943 27562 28043
1048395900 26696 26276 27517 26474
1048395600 27460 23355 27517 23450
1048395300 26557 23557 26629 25142
1048395000 25551 25157 26306 25384
1048394700 26255 25396 26306 25579
1048394400 25573 25640 26570 26557
1048394100 26561 26580 26570 26930
1048393800 26447 26892 26544 26930
1048393500 26538 26348 26544 26406
1048393200 26510 26381 27353 26406
1048392900 27426 25951 28515 26014
1048392600 28457 25223 28515 28081
1048392300 27734 28098 29590 28351
1048392000 29540 28384 29590 28884
1048391700 28847 28919 29475 29452
1048391400 29414 29394 29475 29452
1048391100 28629 28645 30176 30213
1048390800 30064 30100 30176 30213
1048390500 28348 28361 28409 28441
1048390200 27433 27245 27451 28084
1048389900 27192 28003 27482 28084
1048389600 26805 26161 27482 26815
1048389300 17483 17187 27587 27354
1048389000 27551 27326 27587 27354
1048388700 26943 26837 27028 26920
1048388400 25325 25200 25701 25614
1048388100 20312 19664 28210 28259
1048387800 28113 28284 28210 28662
1048387500 26775 28653 28195 28662
1048387200 28172 28455 28195 28525
1048386900 27876 27498 28461 28514
1048386600 28428 28484 28461 28514
1048386300 27869 28025 27953 28045
1048386000 26757 27798 28601 28719
1048385700 28641 28701 29235 28719
1048385400 29112 28379 29235 28445
1048385100 26937 27022 27306 27418
1048384800 21057 20740 21485 21166
1048384500 14877 14598 16900 16716
1048384200 17246 17063 22367 22200
1048383900 22038 22035 22367 22200
1048383600 16990 19583 18661 21435
1048383300 18474 21187 18661 21435
1048383000 15601 17295 16271 17315
1048382700 16144 17195 16271 20504
1048382400 14080 20059 14157 20504
1048382100 12641 12797 12881 13089
1048381800 8668 8140 8892 8229
1048381500 5179 6717 5351 6757
1048381200 5307 6020 5351 6101
1048380900 4663 4803 5219 5416
1048380600 5179 5370 5219 5416
1048380300 4588 4677 5047 4912
1048380000 5314 5168 9499 9181
1048379700 9517 9118 9802 9181
1048379400 9710 8130 9802 8145
1048379100 8082 7723 8281 7903
1048378800 4967 4918 4975 5101
1048378500 4908 5138 5830 5732
1048378200 6095 6003 10247 10259
1048377900 10030 10075 10247 10259
1048377600 6562 7096 6639 7201
1048377300 5327 5423 5365 5465
1048377000 4849 4898 6491 6807
1048376700 6403 6702 6491 6807
1048376400 5060 5101 5563 5722
1048376100 5961 6088 12201 11824
1048375800 13212 12380 29066 21107
1048375500 29152 21055 30514 21107
1048375200 29815 20919 30514 31466
1048374900 19052 31043 21792 31466
1048374600 22000 24320 25274 24427
1048374300 25368 22571 26848 22652
1048374000 26934 21423 28295 23160
1048373700 28293 23176 28295 23431
1048373400 28042 23831 28264 30098
1048373100 24783 30026 28172 30098
1048372800 27746 28458 28172 28913
1048372500 20967 21065 21087 21342
1048372200 19191 16846 20752 18574
1048371900 21240 18679 28886 20336
1048371600 28257 20090 28886 20336
1048371300 18377 16151 18410 16239
1048371000 17853 14881 17872 16547
1048370700 17192 16163 17565 16547
1048370400 11417 10202 12375 11002
1048370100 12240 10915 12375 11002
1048369800 10120 9524 10131 9552
1048369500 10061 9186 11637 10672
1048369200 11579 10590 11637 10672
1048368900 10872 9498 13872 12502
1048368600 13963 12563 15402 13527
1048368300 15433 13545 15926 13833
1048368000 15665 13728 15926 13833
1048367700 11927 12175 17389 13408
1048367400 17385 13263 17389 13408
1048367100 17141 11063 17327 12000
1048366800 14396 12117 16796 13955
1048366500 16501 13713 16796 13955
1048366200 12199 10296 17134 16030
1048365900 16640 15422 17134 16030
1048365600 9047 5891 11146 5911
1048365300 11119 5513 11146 5580
1048365000 10665 4544 10711 5639
1048364700 9968 5650 10256 5837
1048364400 10410 5980 12829 8229
1048364100 12451 8082 12829 8229
1048363800 6436 5676 6541 5794
1048363500 4729 3828 4795 3842
1048363200 3788 3648 5152 4216
1048362900 5137 4250 5152 4789
1048362600 4862 4754 4907 4789
1048362300 4177 4232 4363 4630
1048362000 4489 4742 6469 6507
1048361700 6449 6502 6469 6507
1048361400 6177 6315 6817 6429
1048361100 6680 4543 6817 4775
1048360800 4536 4757 4541 4775
1048360500 4507 4506 5044 4945
1048360200 5018 4919 5044 4945
1048359900 4643 4558 4959 5158
1048359600 5007 5215 5767 6113
1048359300 5653 5983 5767 6113
1048359000 3947 4016 5016 5104
1048358700 4996 5092 5016 5104
1048358400 4678 5061 4693 7391
1048358100 4432 7238 4443 7391
1048357800 4354 4898 5641 5612
1048357500 5837 5810 8917 8927
1048357200 8884 8890 8917 8927
1048356900 8207 8139 8381 8318
1048356600 5419 5287 5485 5350
1048356300 4392 4281 4401 4301
1048356000 4278 3993 4515 4366
1048355700 4588 4442 5746 5646
1048355400 5631 5512 5746 5646
1048355100 3850 3449 4016 4000
1048354800 4104 4079 5490 5329
1048354500 5389 5518 5490 8487
1048354200 3856 9128 4508 19174
1048353900 4523 18911 4758 19174
1048353600 4746 14420 4758 14792
1048353300 4548 8752 4561 11100
1048353000 4360 10694 4549 11100
1048352700 4624 4883 5811 13352
1048352400 5755 12838 5811 13352
1048352100 4984 4874 6553 6236
1048351800 6554 6295 6575 7232
1048351500 6460 7089 6575 7232
1048351200 4690 4866 5170 4907
1048350900 5378 4980 8637 6138
1048350600 8469 6091 8637 6138
1048350300 5784 5319 5840 5357
1048350000 5117 4780 8360 5608
1048349700 8239 5598 8360 5608
1048349400 6299 5423 6353 5444
1048349100 5379 5036 5460 5100
1048348800 4123 4040 4160 4107
1048348500 4240 4193 5494 5551
1048348200 5486 5532 5494 5551
1048347900 5332 5226 5370 5238
1048347600 4739 5035 4747 5050
1048347300 4591 4779 4621 4814
1048347000 4330 4437 7504 7548
1048346700 7386 7476 7504 7548
1048346400 5456 6320 5552 6350
1048346100 4199 6015 7920 8356
1048345800 7648 8076 7920 8356
1048345500 3376 3699 3389 3705
1048345200 3276 3693 4673 4935
1048344900 4691 4941 4989 5039
1048344600 5070 5097 6349 6016
1048344300 6291 5994 6349 6016
1048344000 5380 5538 5386 5655
1048343700 5303 3698 5346 3710
1048343400 5377 3626 5874 5405
1048343100 6336 4351 8175 6852
1048341600 9434 6485 22218 9912
1048339800 10318 7444 22218 13775
1048338000 8056 8705 10789 11344
1048336200 5098 4973 7351 6689
1048334400 4790 4994 8295 8272
1048332600 4458 4640 5633 5833
1048330800 3801 3894 5991 6207
1048329000 11962 11949 20187 19480
1048327200 10650 11563 15782 17608
1048325400 3949 4448 6656 6853
1048323600 3521 3728 4577 5612
1048321800 4741 4830 7062 6260
1048320000 3446 3441 4963 5094
1048318200 3615 3569 4904 4959
1048316400 4776 3943 8898 4785
1048314600 4588 4450 6391 6164
1048312800 4428 4318 6902 6670
1048311000 7937 7968 11785 11724
1048309200 6903 6799 8578 7997
1048307400 5303 5297 8708 9854
1048305600 5943 6292 8708 9854
1048303800 4872 5012 6884 7392
1048302000 5252 4775 10918 6324
1048300200 10267 9370 20884 21015
1048298400 6567 5358 9490 6257
1048296600 4121 4445 5642 5522
1048294800 4911 5193 5642 5715
1048293000 6120 5701 6939 6470
1048291200 5317 5257 6568 6070
1048289400 6619 6030 8342 8759
1048287600 10292 6881 12037 9642
1048285800 7640 6867 15588 18183
1048284000 10360 7077 14826 15133
1048282200 12511 11556 26944 26142
1048280400 19452 19504 26500 26142
1048278600 11506 8124 25242 18205
1048276800 19651 8722 23170 16924
1048275000 7415 13873 15674 19496
1048273200 10429 22646 26496 29135
1048271400 10018 17629 20679 29135
1048269600 7060 26908 9533 31739
1048267800 7414 30413 11810 32044
1048266000 7517 29797 11737 31896
1048264200 8124 28960 12479 31268
1048262400 18947 27946 30458 31814
1048260600 5893 31230 8889 31918
1048258800 6848 31843 11109 32021
1048257000 10329 20362 16974 31952
1048255200 8488 16981 14053 27205
1048253400 9610 28935 12376 31276
1048251600 13429 27288 36803 31554
1048249800 10104 28625 24737 31883
1048248000 9726 20448 21334 31008
1048246200 6608 26023 10059 31603
1048244400 12449 18039 30791 32007
1048242600 10700 19951 19221 32007
1048240800 5190 10692 5793 15704
1048239000 1496 2775 4551 15704
1048237200 58 320 142 1689
1048235400 16 62 24 188
1048233600 34 47 81 74
1048231800 29 55 98 144
1048230000 21 45 48 87
1048228200 19 52 26 87
1048226400 25 65 40 82
1048224600 29 47 60 96
1048222800 53 124 278 219
1048221000 113 50 329 105
1048219200 47 87 210 335
1048217400 32 46 1081 66
1048215600 228 51 1081 69
1048213800 49 224 156 1112
1048212000 22 46 35 78
1048210200 105 118 228 364
1048208400 59 944 102 2897
1048206600 883 1760 2113 6752
1048204800 404 1058 2113 3227
1048203000 360 3892 1849 12988
1048201200 114 6061 279 6499
1048199400 608 6160 1960 13784
1048197600 3523 11152 5736 14825
1048195800 2594 8032 4903 14280
1048194000 65 8126 214 10878
1048192200 270 7781 504 10878
1048190400 229 4707 501 13364
1048188600 5884 25894 10738 31429
1048186800 9454 30309 10984 31429
1048185000 15000 20790 22377 32044
1048183200 7644 31844 16978 32085
1048181400 6602 17269 28726 31995
1048179600 24274 21863 28726 30371
1048177800 26340 24096 35944 30261
1048176000 31982 20310 38242 30261
1048174200 39719 18714 42252 26578
1048172400 23686 19258 38639 30905
1048170600 14120 21903 16867 31287
1048168800 17625 17795 21875 27721
1048167000 15976 17477 18412 28021
1048165200 17023 27404 19904 31703
1048163400 19474 25056 28868 31977
1048161600 16991 27273 18635 31977
1048159800 16686 17767 19290 27908
1048158000 14778 17274 30126 27908
1048156200 14829 24294 30126 29683
1048154400 10763 18741 15235 31190
1048152600 11979 7835 15235 12601
1048150800 12158 7022 14654 9814
1048149000 11437 7231 13810 8268
1048147200 15525 10248 18641 13902
1048145400 14069 8643 16959 10037
1048143600 12603 7567 14259 8270
1048141800 14931 7770 26215 17758
1048140000 16705 8672 26215 17758
1048138200 11847 9691 16945 15840
1048136400 10226 9456 16260 15436
1048134600 9022 6677 10038 8466
1048132800 10636 6797 13941 7522
1048131000 9703 6787 11820 8338
1048129200 13454 10047 17052 13893
1048127400 12718 9763 15630 11946
1048125600 12288 9063 15458 11115
1048123800 10454 14603 14666 26929
1048122000 8683 10256 10638 12099
1048120200 9982 11153 12354 14642
1048118400 8985 10209 11154 13215
1048116600 10308 9857 12287 12588
1048114800 11352 11806 15444 20806
1048113000 7452 10455 28262 26441
1048111200 21185 21057 28262 26441
1048109400 8793 8734 12630 12802
1048107600 6875 7676 9136 15082
1048105800 6234 13348 7785 31888
1048104000 5247 21262 6888 32019
1048102200 5196 31660 6850 32063
1048100400 6391 31973 8016 32056
1048098600 7017 31961 8647 32061
1048096800 6252 31919 7367 32047
1048095000 6214 31635 11088 31962
1048093200 7285 31892 11088 32012
1048091400 5815 31877 6979 31935
1048089600 6547 31905 7744 32057
1048087800 6718 31999 7320 32075
1048086000 5584 31836 6507 31895
1048084200 5014 31827 7106 31880
1048082400 6604 31834 13994 31897
1048080600 8998 22934 13994 31781
1048078800 5379 21668 8431 29365
1048077000 4664 15692 6791 17554
1048075200 4896 14472 8383 20004
1048073400 3703 7509 4796 16116
1048071600 5037 22190 8837 31797
1048069800 12121 31341 30889 32038
1048068000 13001 30612 30889 31814
1048066200 1053 25215 1897 29463
1048064400 901 28293 971 29640
1048062600 1442 29085 2969 29217
1048060800 971 29218 1407 29303
1048059000 1063 29172 1407 29242
1048057200 926 29162 933 29230
1048055400 962 29161 1145 29233
1048053600 972 29315 1067 29856
1048051800 935 29009 991 29243
1048050000 982 28841 1255 29043
1048048200 1801 28932 6342 29216
1048046400 917 28951 932 29035
1048044600 1053 28893 1430 29030
1048042800 959 28905 1021 29121
1048041000 931 29005 1021 29121
1048039200 925 30526 934 31823
1048037400 952 31810 1320 31884
1048035600 1337 31805 2978 31865
1048033800 1682 31862 5341 31917
1048032000 1453 31837 8174 31922
1048030200 3211 31864 8174 31921
1048028400 1374 31818 3484 31922
1048026600 2149 31846 3484 31931
1048024800 17765 18884 29902 30545
1048023000 28531 24782 30737 28029
1048021200 24629 29122 27453 31717
1048019400 26619 27915 30066 31382
1048017600 21768 29245 23781 31619
1048015800 18095 31684 20641 31941
1048014000 20318 30044 23960 31941
1048012200 20259 31080 23066 31681
1048010400 19609 31537 21367 31755
1048008600 20670 29380 25683 31659
1048006800 20782 31167 23308 31592
1048005000 29750 27962 41344 31709
1048003200 29466 29859 41344 31539
1048001400 29014 29000 35798 31623
1047999600 25314 30593 27595 31623
1047997800 23440 30604 27561 31606
1047996000 23457 30928 25383 31401
1047994200 19368 31331 22697 31540
1047992400 20142 31450 23181 31755
1047990600 20179 31397 22488 31718
1047988800 27375 26441 35681 31799
1047987000 26175 28280 28275 31180
1047985200 28984 24699 36907 28359
1047983400 34098 16401 36907 22692
1047981600 19654 22113 30000 25940
1047979800 13895 13050 17009 19320
1047978000 12357 7853 13080 9330
1047976200 13626 7186 14476 7618
1047974400 12912 7740 13884 9344
1047972600 13499 8154 15757 11630
1047970800 15020 7927 22652 11235
1047969000 10788 7163 12145 8140
1047967200 8677 6542 10729 7876
1047965400 10408 7061 11917 7954
1047963600 27926 23667 31606 27620
1047961800 31436 24932 32104 26333
1047960000 31356 25582 31712 26416
1047958200 30010 26998 31679 28671
1047956400 32263 27494 35098 28945
1047954600 31904 24921 32831 26677
1047952800 31603 26438 35535 28862
1047951000 30407 27326 31981 28490
1047949200 30346 22190 31320 23664
1047947400 31234 22118 32911 25345
1047945600 29511 21032 31455 24525
1047943800 30793 22094 33178 23872
1047942000 33801 23118 36173 24680
1047940200 27070 18534 32952 23107
1047938400 8109 6985 11462 13924
1047936600 18124 17204 31976 29453
1047934800 31252 30033 31976 30979
1047933000 10767 12039 30937 30357
1047931200 5188 6394 8831 8345
1047929400 10059 12581 16140 18059
1047927600 5595 8683 9364 13146
1047925800 6613 9816 12795 13650
1047924000 4931 8293 7765 14720
1047922200 9624 16711 13221 18299
1047920400 6577 16482 23688 25091
1047918600 15316 21590 26541 27096
1047916800 6924 10286 9387 25302
1047915000 7072 8593 10982 14766
1047913200 10679 13742 24231 18727
1047911400 13319 20106 24231 28294
1047909600 10789 11816 15407 18070
1047907800 11744 13271 13906 17559
1047906000 6818 15526 10656 31593
1047904200 3408 11717 4611 20907
1047902400 6992 14008 18658 24295
1047900600 16245 20628 27644 30374
1047898800 11477 13986 27942 18686
1047897000 4493 9677 7817 13527
1047895200 2991 14883 5855 22352
1047893400 207 1906 677 10303
1047891600 19 41 26 72
1047889800 42 117 163 492
1047888000 21 46 45 117
1047886200 26 53 68 128
1047884400 21 39 36 69
1047882600 23 53 32 86
1047880800 26 54 55 114
1047879000 23 45 29 72
1047877200 102 49 448 76
1047875400 19 43 36 92
1047873600 18 35 23 45
1047871800 600 632 2296 3505
1047870000 17 34 22 41
1047868200 44 50 151 95
1047866400 2071 1246 5534 6317
1047864600 1250 1078 4329 6317
1047862800 146 134 399 449
1047861000 78 104 178 539
1047859200 1420 196 3610 1023
1047857400 830 1018 2412 3314
1047855600 3740 354 7843 969
1047853800 4483 813 5930 1195
1047852000 3129 262 6899 716
1047850200 1038 149 4501 243
1047848400 23 45 36 75
1047846600 385 129 1862 507
1047844800 257 65 631 125
1047843000 221 66 632 118
1047841200 2831 154 6468 866
1047839400 1295 238 5510 866
1047837600 1156 180 5510 494
1047835800 57 116 144 494
1047834000 267 78 773 183
1047832200 29 37 94 41
1047830400 173 44 390 59
1047828600 135 168 352 698
1047826800 354 74 1554 175
1047825000 324 129 1554 221
1047823200 46 284 1410 1488
1047821400 524 311 1410 986
1047819600 308 181 934 881
1047817800 553 206 1764 499
1047816000 886 107 1845 172
1047814200 88 61 236 93
1047812400 31 41 105 62
1047810600 1972 121 9854 296
1047808800 28 38 84 42
1047807000 16 41 27 52
1047805200 20 45 27 70
1047803400 19 43 35 69
1047801600 20 43 57 81
1047799800 26 60 57 150
1047798000 21 66 67 181
1047796200 25 49 67 86
1047794400 19 47 89 78
1047792600 59 52 136 81
1047790800 21 45 129 201
1047789000 157 228 219 323
1047787200 223 107 572 192
1047785400 77 55 274 94
1047783600 101 111 469 378
1047781800 25 37 237 57
1047780000 60 40 851 67
1047778200 222 63 851 103
1047776400 30 42 179 57
1047774600 165 52 575 70
1047772800 98 61 306 107
1047771000 351 408 1364 1465
1047769200 66 59 287 74
1047767400 226 71 592 116
1047765600 165 107 3556 374
1047763800 685 79 3556 224
1047762000 113 51 540 72
1047760200 594 61 2464 145
1047758400 583 458 2464 1026
1047756600 230 61 1107 143
1047754800 284 109 1574 327
1047753000 24 45 52 70
1047751200 65 48 225 449
1047749400 142 119 520 449
1047747600 74 48 3384 159
1047745800 622 231 3384 1035
1047744000 137 53 361 95
1047742200 850 119 2586 256
1047740400 331 72 1524 186
1047738600 25 64 44 139
1047736800 23 226 45 1140
1047735000 90 50 2746 107
1047733200 487 53 2746 107
1047731400 27 302 68 1573
1047729600 24 49 46 100
1047727800 109 55 557 491
1047726000 459 160 1836 491
1047724200 323 68 1179 145
1047722400 158 51 407 83
1047720600 29 45 81 83
1047718800 44 95 245 360
1047717000 67 51 245 83
1047715200 20 51 30 90
1047713400 27 77 42 165
1047711600 28 73 41 165
1047709800 29 46 85 91
1047708000 31 50 92 79
1047706200 18 44 26 76
1047704400 17 40 23 53
1047702600 17 38 24 43
1047700800 31 44 104 81
1047699000 467 73 2055 181
1047697200 17 38 23 53
1047695400 18 41 32 73
1047693600 28 142 41 511
1047691800 50 156 167 362
1047690000 105 435 321 1714
1047688200 1906 464 2722 3235
1047686400 38 5789 116 7879
1047684600 9884 6152 30686 7308
1047682800 7743 6243 30686 7892
1047681000 26 6455 39 9622
1047679200 58 6385 539 11389
1047677400 122 7931 539 11179
1047675600 435 6726 1345 12217
1047673800 3245 9726 20224 19735
1047672000 27956 21850 33615 29278
1047670200 34360 21854 36068 23197
1047668400 31015 28020 33900 31064
1047666600 31036 30710 32869 31161
1047664800 39379 29252 45681 30910
1047663000 37934 28212 45681 31548
1047661200 29013 31327 32957 31548
1047659400 31485 31139 32957 31325
1047657600 33658 30187 39017 31325
1047655800 41324 27038 45556 29383
1047654000 36689 28811 45556 30848
1047652200 36275 25955 37724 29168
1047650400 34743 30195 37004 31360
1047648600 31406 31099 32844 31360
1047646800 31049 31279 32896 31487
1047645000 34299 30909 37090 31328
1047643200 33757 31259 35877 31562
1047641400 37935 30076 42554 31452
1047639600 39136 27396 43016 31221
1047637800 40739 26237 43731 30763
1047636000 36726 26585 41886 30448
1047634200 38149 24825 41886 30241
1047632400 35014 18221 38487 20196
1047630600 33046 19449 34099 21295
1047628800 28890 23476 36742 30848
1047627000 38208 23726 41641 25708
1047625200 35601 19752 38323 21570
1047623400 32783 19737 35646 22039
1047621600 34754 19763 36567 21789
1047619800 34395 21129 35003 22755
1047618000 33369 21898 33985 22755
1047616200 33060 21934 34773 22578
1047614400 33667 21453 36639 22495
1047612600 37940 22813 39708 25195
1047610800 35897 21761 39708 25195
1047609000 34048 15947 34624 19858
1047607200 33643 22166 35650 26278
1047605400 30326 18098 39041 23532
1047603600 39586 21364 42022 23274
1047601800 43355 22836 54156 29596
1047600000 38999 27203 49059 29596
1047598200 34335 19729 37530 24880
1047596400 26671 21429 29710 22632
1047594600 25939 21801 30854 26460
1047592800 27295 22756 30078 25194
1047591000 24813 19179 28833 21717
1047589200 14552 10508 16110 13502
1047587400 13330 9429 17244 11976
1047585600 16168 15090 22587 25093
1047583800 12165 27310 15037 31759
1047582000 14793 25920 17486 31601
1047580200 17570 27738 20821 31212
1047578400 16781 23583 20442 30431
1047576600 19021 19327 24047 31411
1047574800 16822 31274 19542 31679
1047573000 25031 31030 29820 31383
1047571200 24451 31071 30172 31426
1047569400 27152 30935 28080 31267
1047567600 26484 30629 30232 31175
1047565800 27018 28825 31165 31201
1047564000 29503 25463 35694 26918
1047562200 32327 25783 37726 31208
1047560400 28313 27766 34721 31020
1047558600 31697 29737 35635 30720
1047556800 28980 29600 35585 30720
1047555000 25944 30649 34839 31340
1047553200 27936 29833 29705 30778
1047551400 26760 30444 28520 31174
1047549600 26992 30736 32636 31174
1047547800 29879 26341 33538 30298
1047546000 29395 23936 30119 24716
1047544200 30653 24575 33811 29154
1047542400 30498 25679 33811 29359
1047540600 14762 10543 28027 23228
1047538800 13211 9722 14345 11663
1047537000 13758 9900 16001 13112
1047535200 12871 8399 14683 10161
1047533400 12183 8263 13767 10112
1047531600 12340 8505 15817 10830
1047529800 18742 13089 24334 17777
1047528000 24252 16613 25880 18585
1047526200 19402 12861 31483 22110
1047524400 20949 13576 31483 22110
1047522600 26920 17441 34809 22323
1047520800 26115 18602 29548 22958
1047519000 28130 25361 36321 30110
1047517200 25746 18918 37086 29470
1047515400 31379 24178 38311 29630
1047513600 29312 25005 34315 31122
1047511800 28625 24520 31510 31122
1047510000 31611 21982 37703 27622
1047508200 39913 28515 41340 29424
1047506400 38849 26790 40747 27568
1047504600 29468 21206 32557 25736
1047502800 32422 26366 35698 30354
1047501000 27729 21478 31549 24465
1047499200 29786 22440 35758 26535
1047497400 32598 26308 35758 31492
1047495600 26681 29565 30980 31492
1047493800 39348 19990 43120 29503
1047492000 25411 28520 35471 31642
1047490200 34846 18322 35855 31682
1047488400 18487 30568 25302 31755
1047486600 24384 25644 31133 31779
1047484800 15894 22427 20314 29171
1047483000 14268 20430 20667 29622
1047481200 25226 20353 34418 24725
1047479400 22867 27676 30429 31458
1047477600 20349 31145 27449 31576
1047475800 18969 31563 23843 31769
1047474000 21355 31334 26201 31620
1047472200 20990 31251 32136 31457
1047470400 37544 30176 43371 31037
1047468600 26007 31128 39560 31514
1047466800 20480 27552 22991 31497
1047465000 18519 14058 20630 18184
1047463200 15984 9337 17404 14936
1047461400 15192 7806 19518 14877
1047459600 17239 10518 19518 14877
1047457800 14798 7896 20482 11923
1047456000 15185 8360 20482 11923
1047454200 14327 7384 16276 8798
1047452400 14513 7446 16597 8412
1047450600 18614 10074 22384 12685
1047448800 16949 9273 18434 10370
1047447000 16039 9161 18535 21636
1047445200 16701 29690 18903 31792
1047443400 16144 31157 25575 31792
1047441600 25949 30780 29237 31701
1047439800 15680 29822 20226 31462
1047438000 16684 29220 20226 31023
1047436200 14377 30419 18621 30960
1047434400 20666 30389 26834 31062
1047432600 19807 30008 25070 31062
1047430800 19552 14506 25070 19999
1047429000 19331 13722 23934 17858
1047427200 23495 17584 27583 27159
1047425400 18773 14290 21833 19237
1047423600 19796 12946 22489 14010
1047421800 16094 9829 20014 12036
1047420000 26336 19737 33230 25910
1047418200 28732 20806 33587 25910
1047416400 29963 21220 34548 25822
1047414600 27763 24240 34192 30926
1047412800 29019 29143 36365 31836
1047411000 16850 22314 19392 31836
1047409200 15399 14623 15399 14623
1047407400 15399 14623 15399 14623
1047405600 15399 14623 15399 14623
1047403800 15399 14623 15399 14623
1047402000 14596 18432 16978 22037
1047400200 15730 20981 18942 24716
1047398400 17614 22786 27772 30452
1047396600 20188 27081 27632 31192
1047394800 15612 24819 25029 30034
1047393000 14087 22302 25858 31817
1047391200 11194 31826 12693 31934
1047389400 15323 25918 17065 31769
1047387600 21697 31507 26000 31666
1047385800 23656 29795 38191 31820
1047384000 16796 30009 19951 31687
1047382200 12893 31642 14912 31772
1047380400 14996 24689 16771 31609
1047378600 17210 24782 19518 29816
1047376800 16260 13102 18569 16256
1047375000 16443 17038 18569 30896
1047373200 19440 12768 24938 15630
1047371400 14200 10280 16649 11376
1047369600 12191 9479 15206 12867
1047367800 15047 13121 22978 22705
1047366000 17794 15558 29047 28944
1047364200 14603 12150 19764 17592
1047362400 15219 11890 18663 16716
1047360600 14638 11202 20258 15940
1047358800 11344 9524 15675 13313
1047357000 11592 8534 13613 10851
1047355200 11798 8283 13954 10362
1047353400 12409 8198 15554 10787
1047351600 10044 6910 11360 7873
1047349800 14823 9527 20017 12179
1047348000 31358 23660 32743 26814
1047346200 25889 20067 33582 25816
1047344400 33887 25188 36786 27571
1047342600 34173 24201 37104 26947
1047340800 27867 22865 33015 27177
1047339000 30874 20440 34335 24951
1047337200 30428 18052 36763 22696
1047335400 36614 10347 39911 15402
1047333600 45548 17415 56967 20843
1047331800 48366 17348 56967 21624
1047330000 43657 9879 54594 12241
1047328200 46407 8681 55575 9464
1047326400 49382 9529 54275 15120
1047324600 45137 9415 54275 16592
1047322800 54493 15995 62663 24209
1047321000 55294 17414 61789 24209
1047319200 52675 10231 58065 17341
1047317400 56895 11937 60377 17341
1047315600 59701 12665 64297 16761
1047313800 59690 12876 62237 18230
1047312000 59493 11933 64113 19242
1047310200 57570 9737 62946 10540
1047308400 53695 12445 62158 15354
1047306600 61755 17778 69244 23242
1047304800 49047 16047 57769 21919
1047303000 47830 14831 52818 18131
1047301200 51758 18590 54890 24300
1047299400 51909 12148 67012 19327
1047297600 53556 13283 60191 28380
1047295800 52952 16404 61906 28380
1047294000 49570 12088 61264 14508
1047292200 50049 17069 61264 21327
1047290400 52136 14867 58149 25384
1047288600 45044 15741 49499 22995
1047286800 47113 9507 53526 10645
1047285000 43763 9756 56762 11315
1047283200 45970 11017 50880 12240
1047281400 46273 13520 54991 19336
1047279600 52582 13375 65181 22269
1047277800 44264 10017 50334 11531
1047276000 34636 12122 45772 13705
1047274200 16097 10118 26989 12608
1047272400 12714 10067 21536 14335
1047270600 22427 14720 25473 16304
1047268800 21218 15988 24997 20011
1047267000 11655 11888 14015 14212
1047265200 20347 18638 26592 26182
1047263400 19739 18345 25667 20638
1047261600 22764 23725 30136 30926
1047254400 15352 12917 31203 26450
1047247200 20304 19290 28460 27198
1047240000 31352 29980 36143 31692
1047232800 32058 28773 36176 31422
1047225600 17202 16088 28770 26896
1047218400 27386 23067 33286 28071
1047211200 22529 19039 40759 31504
1047204000 11248 9034 16267 12820
1047196800 12677 12227 27305 26510
1047189600 22473 21528 30739 29460
1047182400 15408 14641 27139 26589
1047175200 24982 23696 35436 31825
1047168000 33905 30062 38027 31918
1047160800 34207 28262 36578 31143
1047153600 30358 25992 36578 29512
1047146400 32107 27300 38186 31132
1047139200 29900 28417 38856 31423
1047132000 30478 28067 37597 31408
1047124800 21532 18481 32200 29246
1047117600 31950 28608 34667 30025
1047110400 33247 28486 34244 29674
1047103200 32671 28772 36859 30180
1047096000 30552 28623 32808 30917
1047088800 30498 27097 38128 31940
1047081600 28472 26281 33004 29451
1047074400 30437 25029 36105 31432
1047067200 24935 30005 35710 32123
1047060000 12767 28750 28748 31911
1047052800 13500 14457 36331 31904
1047045600 18540 17166 35300 31996
1047038400 30970 30185 35781 32065
1047031200 34204 29748 36210 31655
1047024000 32158 29040 35251 30550
1047016800 31722 27749 34575 29792
1047009600 32946 27220 36317 29168
1047002400 37490 26954 43459 31811
1046995200 33183 25968 38064 31254
1046988000 29284 23805 35423 30184
1046980800 30166 29142 40702 31980
1046973600 24889 29058 33397 31842
1046966400 29422 28926 34457 31930
1046959200 32006 26957 40927 32047
1046952000 23131 24646 39885 31161
1046944800 17435 17827 30104 30961
1046937600 27825 28985 31448 31354
1046930400 29240 29688 30054 30249
1046923200 11113 13974 30856 30935
1046916000 19074 19032 33511 30723
1046908800 25945 23321 31775 28184
1046901600 27008 23390 32629 27477
1046894400 21073 23691 31119 30574
1046887200 22294 23235 34672 31602
1046880000 29987 18397 38818 29825
1046872800 25737 27385 38818 31469
1046865600 24118 18966 28577 31258
1046858400 22537 9749 31462 15906
1046851200 27018 12535 36845 24731
1046844000 30094 29120 31662 30256
1046836800 18619 18705 33743 31578
1046829600 14118 13568 32681 31570
1046822400 20269 19597 30722 27351
1046815200 29286 28205 32560 29914
1046808000 31154 28752 34694 31405
1046800800 31895 29604 36352 31126
1046793600 28515 25355 33422 29954
1046786400 27240 23585 32427 28788
1046779200 21126 18594 33478 29964
1046772000 9836 9370 15616 14037
1046764800 17537 16507 30729 29232
1046757600 29694 27135 31346 28936
1046750400 30457 27182 32668 29086
1046743200 31477 29065 35190 31437
1046736000 17008 16265 31926 29127
1046728800 11539 11539 20825 20764
1046721600 20522 19066 30819 28951
1046714400 30109 28700 31934 31767
1046707200 22115 21373 32518 31612
1046700000 10832 10670 17257 16520
1046692800 9300 11768 13225 26907
1046685600 13491 12683 26430 24191
1046678400 6830 6418 11400 8072
1046671200 16495 14937 31037 28820
1046664000 32586 24183 36401 30504
1046656800 32348 22630 43487 28007
1046649600 33710 22969 37142 24950
1046642400 28700 20722 36300 25841
1046635200 31594 24033 35537 28343
1046628000 25115 20278 32002 26138
1046620800 19658 15107 28715 23642
1046613600 16465 12386 29862 28175
1046606400 12569 7785 15661 11897
1046599200 10370 6028 18457 13374
1046592000 12669 7865 21493 16098
1046584800 11144 6921 21493 16098
1046577600 9297 6299 12372 8571
1046570400 15354 10676 24757 16914
1046563200 14843 11894 26129 22395
1046556000 16392 12203 22809 18291
1046548800 18202 15057 25751 21955
1046541600 18599 11098 28510 21955
1046534400 20144 10898 33397 20748
1046527200 19997 11641 31973 22316
1046520000 21381 13355 31444 21998
1046512800 22556 13385 33766 23111
1046505600 18553 8873 29031 19508
1046498400 16113 7236 18833 8913
1046491200 19530 9971 31684 18161
1046484000 18817 10448 27868 19147
1046476800 24464 17018 33438 27539
1046469600 17956 8780 29684 18780
1046462400 16465 11721 32828 24537
1046455200 8848 10532 14100 18625
1046448000 25652 25864 34943 31216
1046440800 15645 30719 27405 31499
1046433600 17294 15771 32489 31822
1046426400 16850 5457 30797 15564
1046419200 9946 9140 19323 26110
1046412000 8755 9594 22614 26333
1046404800 4940 22689 8355 31694
1046397600 14545 26926 27233 31881
1046390400 26148 11858 32613 24496
1046383200 26114 15316 33818 24692
1046376000 20629 22083 34652 31897
1046368800 11031 13880 24323 29774
1046361600 14377 21309 32425 31865
1046354400 6381 30144 14000 32019
1046347200 27176 19817 42920 31957
1046340000 32677 25425 32780 26397
1046332800 27896 25421 32780 29822
1046325600 10845 6304 29071 15479
1046318400 10265 11845 20181 29053
1046311200 11267 22745 30990 31722
1046304000 10051 11496 15440 26378
1046296800 7319 9066 19594 13547
1046289600 5900 12324 19153 31755
1046282400 10751 20237 32211 32083
1046275200 7049 16006 15112 31823
1046268000 7679 18136 24546 31976
1046260800 10996 17908 27970 31555
1046253600 8772 9289 30087 31679
1046246400 14264 14356 31019 30564
1046239200 4628 5088 9560 9251
1046232000 17374 16060 34906 31100
1046224800 10627 11971 33922 30779
1046217600 10040 10419 20941 17196
1046210400 6142 16980 10531 31870
1046203200 4677 28982 9471 31870
1046196000 5739 10227 11643 31087
1046188800 7844 31814 13181 31931
1046181600 7757 28854 16498 31902
1046174400 7808 20397 14360 31839
1046167200 14303 15220 28905 28170
1046160000 29683 27315 31454 30171
1046152800 31293 28007 32380 29909
1046145600 11948 12170 28879 28473
1046138400 9804 9992 16052 18121
1046131200 12761 12041 16152 16694
1046124000 12078 11328 20543 13659
1046116800 10557 11439 32646 22597
1046109600 11025 15590 27852 29630
1046102400 12536 18266 28357 31288
1046095200 14917 14617 34526 29135
1046088000 17240 18537 34392 27371
1046080800 9960 9412 22115 21560
1046073600 11536 5681 19249 8056
1046066400 9459 4694 13861 6545
1046059200 5682 5238 9768 9228
1046052000 3948 3727 8532 10703
1046044800 5108 3896 10491 8687
1046037600 4438 3809 9187 8899
1046030400 3058 3250 5975 9704
1046023200 2692 2672 6513 10232
1046016000 5304 4978 19683 19760
1046008800 3078 2851 5267 4516
1046001600 3883 4654 6796 18100
1045994400 3126 2878 5551 5235
1045987200 2788 2503 3412 3391
1045980000 2981 2845 5558 5331
1045972800 3102 2926 8050 7834
1045965600 9043 8906 30760 29941
1045958400 3499 3100 6517 6446
1045951200 3226 2960 4013 4573
1045944000 2855 2798 4240 4592
1045936800 4996 2403 12702 8088
1045929600 3399 2472 6919 5596
1045922400 2634 2333 6525 6355
1045915200 2449 2254 3609 3380
1045908000 2320 2132 5766 5867
1045900800 2602 2452 6792 6200
1045893600 2388 2089 4131 3189
1045886400 1917 1580 5359 3026
1045879200 11075 9492 28844 27972
1045872000 5821 2924 14706 5094
1045864800 11944 11338 29923 29857
1045857600 2592 14827 4980 31502
1045850400 7878 23896 21306 31920
1045843200 11502 13386 29950 31532
1045836000 30479 28822 32440 31712
1045828800 29016 28716 34226 31695
1045821600 28638 29112 30552 31441
1045814400 28773 28574 29359 29225
1045807200 29415 28923 31269 30033
1045800000 28838 28269 30157 30033
1045792800 23450 23761 29624 31810
1045785600 26438 24377 29351 28799
1045778400 27357 22448 31870 25930
1045771200 8014 6945 27130 20427
1045764000 8074 13199 30869 31651
1045756800 4405 9647 8443 22343
1045749600 5339 17722 18088 31882
1045742400 9187 9167 35291 23948
1045735200 18828 19735 28951 31174
1045728000 28683 27625 30220 28522
1045720800 28520 27675 29398 29133
1045713600 28548 28009 29630 29133
1045706400 26620 27378 30714 31283
1045699200 28479 25764 31397 29352
1045692000 30130 28277 33419 30044
1045684800 21927 25377 29315 31761
1045677600 5349 18291 16058 29134
1045670400 16405 25091 31861 31911
1045663200 31131 28836 33550 31159
1045656000 11504 15049 31547 31712
1045648800 5526 8805 5526 8805
1045641600 5526 8805 5526 8805
1045634400 5526 8805 5526 8805
1045627200 5526 8805 5526 8805
1045620000 5526 8805 5526 8805
1045612800 5526 8805 5526 8805
1045605600 6230 9530 23466 25184
1045598400 25898 29833 30491 31878
1045591200 13603 14961 35802 31273
1045584000 4564 14433 9648 26955
1045576800 7982 9757 20020 17281
1045569600 18464 20820 31269 31487
1045562400 11863 13918 30854 31613
1045555200 30295 29232 31724 30672
1045548000 2442 2209 23604 22968
1045540800 1844 1711 2453 3563
1045533600 3744 3242 7856 16129
1045526400 8922 4534 24047 16592
1045519200 11082 2883 31168 4012
1045512000 4710 7987 10511 20687
1045504800 6006 8668 19681 18220
1045497600 4943 10512 19681 25777
1045490400 8291 18140 32645 31967
1045483200 5035 21714 12048 31967
1045476000 2415 3128 6669 9813
1045468800 2601 2896 5466 5632
1045461600 1322 1079 2647 2384
1045454400 1452 1256 3336 3818
1045447200 3476 2983 5299 8202
1045440000 4851 3515 7341 11807
1045432800 2901 1818 6237 3866
1045425600 2191 1785 5510 3037
1045418400 3177 1584 10953 3603
1045411200 2469 1943 8549 7975
1045404000 2665 1436 6512 2557
1045396800 1696 2121 3633 19512
1045389600 1486 969 2049 1421
1045382400 1598 1213 2126 1973
1045375200 1452 830 4878 2311
1045368000 1493 897 4531 2917
1045360800 2367 1671 8731 7642
1045353600 3813 3079 7745 7458
1045346400 6593 4188 17725 8801
1045339200 2946 2292 6909 11065
1045332000 1964 1447 5086 11065
1045324800 1377 890 3041 2700
1045317600 2481 867 11453 2358
1045310400 1417 847 3830 2358
1045303200 1181 751 1747 1787
1045296000 991 617 1444 1911
1045288800 1139 713 2396 1752
1045281600 1000 772 2828 2531
1045274400 1009 633 2015 1777
1045267200 1635 838 5461 2660
1045260000 1130 737 2049 1756
1045252800 2181 4819 6660 16513
1045245600 4265 10531 13112 21626
1045238400 4320 16333 19135 31871
1045231200 2862 12430 4990 21323
1045224000 6521 16032 29919 31704
1045216800 2108 3881 3820 15733
1045209600 2044 1210 8691 7294
1045202400 1221 779 4801 3930
1045195200 1308 816 4801 3930
1045188000 1773 1376 4110 3826
1045180800 2549 2056 6397 13693
1045173600 1810 1332 5069 5795
1045166400 3252 15885 19331 31921
1045159200 5319 11060 29813 27591
1045152000 10142 19516 33189 31921
1045144800 2564 12899 8154 31933
1045137600 6993 10869 31117 27001
1045130400 1506 6679 11736 16659
1045123200 1332 7038 4846 10526
1045116000 941 6972 1500 9236
1045108800 12766 15336 27603 28919
1045101600 21757 29120 30582 31627
1045094400 2190 11716 6419 29146
1045087200 853 2631 4093 9305
1045080000 8689 11009 34380 31812
1045072800 0 0 0 0
1045065600 0 0 0 0
1045058400 0 0 0 0
1045051200 0 0 0 0
1045044000 0 0 0 0
1045036800 0 0 0 0
1045029600 0 0 0 0
1045022400 0 0 0 0
1045015200 0 0 0 0
1045008000 0 0 0 0
1045000800 0 0 0 0
1044993600 0 0 0 0
1044986400 0 0 0 0
1044979200 0 0 0 0
1044972000 0 0 0 0
1044964800 0 0 0 0
1044957600 0 0 0 0
1044950400 0 0 0 0
1044943200 0 0 0 0
1044936000 0 0 0 0
1044928800 0 0 0 0
1044921600 0 0 0 0
1044914400 0 0 0 0
1044907200 0 0 0 0
1044900000 0 0 0 0
1044892800 0 0 0 0
1044885600 0 0 0 0
1044878400 0 0 0 0
1044871200 0 0 0 0
1044864000 0 0 0 0
1044856800 0 0 0 0
1044849600 0 0 0 0
1044842400 0 0 0 0
1044835200 0 0 0 0
1044828000 0 0 0 0
1044820800 0 0 0 0
1044813600 0 0 0 0
1044806400 0 0 0 0
1044799200 0 0 0 0
1044792000 0 0 0 0
1044784800 0 0 0 0
1044777600 0 0 0 0
1044770400 0 0 0 0
1044763200 0 0 0 0
1044756000 0 0 0 0
1044748800 0 0 0 0
1044741600 0 0 0 0
1044734400 0 0 0 0
1044727200 0 0 0 0
1044720000 0 0 0 0
1044712800 0 0 0 0
1044705600 0 0 0 0
1044698400 0 0 0 0
1044691200 0 0 0 0
1044684000 0 0 0 0
1044676800 0 0 0 0
1044669600 0 0 0 0
1044662400 0 0 0 0
1044655200 0 0 0 0
1044648000 0 0 0 0
1044640800 0 0 0 0
1044633600 0 0 0 0
1044626400 0 0 0 0
1044619200 0 0 0 0
1044612000 0 0 0 0
1044604800 0 0 0 0
1044597600 0 0 0 0
1044590400 0 0 0 0
1044583200 0 0 0 0
1044576000 0 0 0 0
1044568800 0 0 0 0
1044561600 0 0 0 0
1044554400 0 0 0 0
1044547200 0 0 0 0
1044540000 0 0 0 0
1044532800 0 0 0 0
1044525600 0 0 0 0
1044518400 0 0 0 0
1044511200 0 0 0 0
1044504000 0 0 0 0
1044496800 0 0 0 0
1044489600 0 0 0 0
1044482400 0 0 0 0
1044475200 0 0 0 0
1044468000 0 0 0 0
1044460800 0 0 0 0
1044453600 0 0 0 0
1044446400 0 0 0 0
1044439200 0 0 0 0
1044432000 0 0 0 0
1044424800 0 0 0 0
1044417600 0 0 0 0
1044410400 0 0 0 0
1044403200 0 0 0 0
1044396000 0 0 0 0
1044388800 0 0 0 0
1044381600 0 0 0 0
1044374400 0 0 0 0
1044367200 0 0 0 0
1044360000 0 0 0 0
1044352800 0 0 0 0
1044345600 0 0 0 0
1044338400 0 0 0 0
1044331200 0 0 0 0
1044324000 0 0 0 0
1044316800 0 0 0 0
1044309600 0 0 0 0
1044302400 0 0 0 0
1044295200 0 0 0 0
1044288000 0 0 0 0
1044280800 0 0 0 0
1044273600 0 0 0 0
1044266400 0 0 0 0
1044259200 0 0 0 0
1044252000 0 0 0 0
1044244800 0 0 0 0
1044237600 0 0 0 0
1044230400 0 0 0 0
1044223200 0 0 0 0
1044216000 0 0 0 0
1044208800 0 0 0 0
1044201600 0 0 0 0
1044194400 0 0 0 0
1044187200 0 0 0 0
1044180000 0 0 0 0
1044172800 0 0 0 0
1044165600 0 0 0 0
1044158400 0 0 0 0
1044151200 0 0 0 0
1044144000 0 0 0 0
1044136800 0 0 0 0
1044129600 0 0 0 0
1044122400 0 0 0 0
1044115200 0 0 0 0
1044108000 0 0 0 0
1044100800 0 0 0 0
1044093600 0 0 0 0
1044086400 0 0 0 0
1044079200 0 0 0 0
1044072000 0 0 0 0
1044064800 0 0 0 0
1044057600 0 0 0 0
1044050400 0 0 0 0
1044043200 0 0 0 0
1044036000 0 0 0 0
1044028800 0 0 0 0
1044021600 0 0 0 0
1044014400 0 0 0 0
1044007200 0 0 0 0
1044000000 0 0 0 0
1043992800 0 0 0 0
1043985600 0 0 0 0
1043978400 0 0 0 0
1043971200 0 0 0 0
1043964000 0 0 0 0
1043956800 0 0 0 0
1043949600 0 0 0 0
1043942400 0 0 0 0
1043935200 0 0 0 0
1043928000 0 0 0 0
1043920800 0 0 0 0
1043913600 0 0 0 0
1043906400 0 0 0 0
1043899200 0 0 0 0
1043892000 0 0 0 0
1043884800 0 0 0 0
1043877600 0 0 0 0
1043870400 0 0 0 0
1043863200 0 0 0 0
1043856000 0 0 0 0
1043848800 0 0 0 0
1043841600 0 0 0 0
1043834400 0 0 0 0
1043827200 0 0 0 0
1043820000 0 0 0 0
1043812800 0 0 0 0
1043805600 0 0 0 0
1043798400 0 0 0 0
1043791200 0 0 0 0
1043784000 0 0 0 0
1043776800 0 0 0 0
1043769600 0 0 0 0
1043762400 0 0 0 0
1043755200 0 0 0 0
1043748000 0 0 0 0
1043740800 0 0 0 0
1043733600 0 0 0 0
1043726400 0 0 0 0
1043719200 0 0 0 0
1043712000 0 0 0 0
1043704800 0 0 0 0
1043697600 0 0 0 0
1043690400 0 0 0 0
1043683200 0 0 0 0
1043676000 0 0 0 0
1043668800 0 0 0 0
1043661600 0 0 0 0
1043654400 0 0 0 0
1043647200 0 0 0 0
1043640000 0 0 0 0
1043632800 0 0 0 0
1043625600 0 0 0 0
1043618400 0 0 0 0
1043611200 0 0 0 0
1043604000 0 0 0 0
1043596800 0 0 0 0
1043589600 0 0 0 0
1043582400 0 0 0 0
1043575200 0 0 0 0
1043568000 0 0 0 0
1043560800 0 0 0 0
1043553600 0 0 0 0
1043546400 0 0 0 0
1043539200 0 0 0 0
1043532000 0 0 0 0
1043524800 0 0 0 0
1043517600 0 0 0 0
1043510400 0 0 0 0
1043503200 0 0 0 0
1043496000 0 0 0 0
1043488800 0 0 0 0
1043481600 0 0 0 0
1043474400 0 0 0 0
1043467200 0 0 0 0
1043460000 0 0 0 0
1043452800 0 0 0 0
1043445600 0 0 0 0
1043438400 0 0 0 0
1043431200 0 0 0 0
1043424000 0 0 0 0
1043416800 0 0 0 0
1043409600 0 0 0 0
1043402400 0 0 0 0
1043395200 0 0 0 0
1043388000 0 0 0 0
1043380800 0 0 0 0
1043373600 0 0 0 0
1043366400 0 0 0 0
1043359200 0 0 0 0
1043352000 0 0 0 0
1043344800 0 0 0 0
1043337600 0 0 0 0
1043330400 0 0 0 0
1043323200 0 0 0 0
1043316000 0 0 0 0
1043308800 0 0 0 0
1043301600 0 0 0 0
1043294400 0 0 0 0
1043287200 0 0 0 0
1043280000 0 0 0 0
1043272800 0 0 0 0
1043265600 0 0 0 0
1043258400 0 0 0 0
1043251200 0 0 0 0
1043244000 0 0 0 0
1043236800 0 0 0 0
1043229600 0 0 0 0
1043222400 0 0 0 0
1043215200 0 0 0 0
1043208000 0 0 0 0
1043200800 0 0 0 0
1043193600 0 0 0 0
1043186400 0 0 0 0
1043179200 0 0 0 0
1043172000 0 0 0 0
1043164800 0 0 0 0
1043157600 0 0 0 0
1043150400 0 0 0 0
1043143200 0 0 0 0
1043136000 0 0 0 0
1043128800 0 0 0 0
1043121600 0 0 0 0
1043114400 0 0 0 0
1043107200 0 0 0 0
1043100000 0 0 0 0
1043092800 0 0 0 0
1043085600 0 0 0 0
1043078400 0 0 0 0
1043071200 0 0 0 0
1043064000 0 0 0 0
1043056800 0 0 0 0
1043049600 0 0 0 0
1043042400 0 0 0 0
1043035200 0 0 0 0
1043028000 0 0 0 0
1043020800 0 0 0 0
1043013600 0 0 0 0
1043006400 0 0 0 0
1042999200 0 0 0 0
1042992000 0 0 0 0
1042984800 0 0 0 0
1042977600 0 0 0 0
1042970400 0 0 0 0
1042963200 0 0 0 0
1042956000 0 0 0 0
1042948800 0 0 0 0
1042941600 0 0 0 0
1042934400 0 0 0 0
1042848000 0 0 0 0
1042761600 0 0 0 0
1042675200 0 0 0 0
1042588800 0 0 0 0
1042502400 0 0 0 0
1042416000 0 0 0 0
1042329600 0 0 0 0
1042243200 0 0 0 0
1042156800 0 0 0 0
1042070400 0 0 0 0
1041984000 0 0 0 0
1041897600 0 0 0 0
1041811200 0 0 0 0
1041724800 0 0 0 0
1041638400 0 0 0 0
1041552000 0 0 0 0
1041465600 0 0 0 0
1041379200 0 0 0 0
1041292800 0 0 0 0
1041206400 0 0 0 0
1041120000 0 0 0 0
1041033600 0 0 0 0
1040947200 0 0 0 0
1040860800 0 0 0 0
1040774400 0 0 0 0
1040688000 0 0 0 0
1040601600 0 0 0 0
1040515200 0 0 0 0
1040428800 0 0 0 0
1040342400 0 0 0 0
1040256000 0 0 0 0
1040169600 0 0 0 0
1040083200 0 0 0 0
1039996800 0 0 0 0
1039910400 0 0 0 0
1039824000 0 0 0 0
1039737600 0 0 0 0
1039651200 0 0 0 0
1039564800 0 0 0 0
1039478400 0 0 0 0
1039392000 0 0 0 0
1039305600 0 0 0 0
1039219200 0 0 0 0
1039132800 0 0 0 0
1039046400 0 0 0 0
1038960000 0 0 0 0
1038873600 0 0 0 0
1038787200 0 0 0 0
1038700800 0 0 0 0
1038614400 0 0 0 0
1038528000 0 0 0 0
1038441600 0 0 0 0
1038355200 0 0 0 0
1038268800 0 0 0 0
1038182400 0 0 0 0
1038096000 0 0 0 0
1038009600 0 0 0 0
1037923200 0 0 0 0
1037836800 0 0 0 0
1037750400 0 0 0 0
1037664000 0 0 0 0
1037577600 0 0 0 0
1037491200 0 0 0 0
1037404800 0 0 0 0
1037318400 0 0 0 0
1037232000 0 0 0 0
1037145600 0 0 0 0
1037059200 0 0 0 0
1036972800 0 0 0 0
1036886400 0 0 0 0
1036800000 0 0 0 0
1036713600 0 0 0 0
1036627200 0 0 0 0
1036540800 0 0 0 0
1036454400 0 0 0 0
1036368000 0 0 0 0
1036281600 0 0 0 0
1036195200 0 0 0 0
1036108800 0 0 0 0
1036022400 0 0 0 0
1035936000 0 0 0 0
1035849600 0 0 0 0
1035763200 0 0 0 0
1035676800 0 0 0 0
1035590400 0 0 0 0
1035504000 0 0 0 0
1035417600 0 0 0 0
1035331200 0 0 0 0
1035244800 0 0 0 0
1035158400 0 0 0 0
1035072000 0 0 0 0
1034985600 0 0 0 0
1034899200 0 0 0 0
1034812800 0 0 0 0
1034726400 0 0 0 0
1034640000 0 0 0 0
1034553600 0 0 0 0
1034467200 0 0 0 0
1034380800 0 0 0 0
1034294400 0 0 0 0
1034208000 0 0 0 0
1034121600 0 0 0 0
1034035200 0 0 0 0
1033948800 0 0 0 0
1033862400 0 0 0 0
1033776000 0 0 0 0
1033689600 0 0 0 0
1033603200 0 0 0 0
1033516800 0 0 0 0
1033430400 0 0 0 0
1033344000 0 0 0 0
1033257600 0 0 0 0
1033171200 0 0 0 0
1033084800 0 0 0 0
1032998400 0 0 0 0
1032912000 0 0 0 0
1032825600 0 0 0 0
1032739200 0 0 0 0
1032652800 0 0 0 0
1032566400 0 0 0 0
1032480000 0 0 0 0
1032393600 0 0 0 0
1032307200 0 0 0 0
1032220800 0 0 0 0
1032134400 0 0 0 0
1032048000 0 0 0 0
1031961600 0 0 0 0
1031875200 0 0 0 0
1031788800 0 0 0 0
1031702400 0 0 0 0
1031616000 0 0 0 0
1031529600 0 0 0 0
1031443200 0 0 0 0
1031356800 0 0 0 0
1031270400 0 0 0 0
1031184000 0 0 0 0
1031097600 0 0 0 0
1031011200 0 0 0 0
1030924800 0 0 0 0
1030838400 0 0 0 0
1030752000 0 0 0 0
1030665600 0 0 0 0
1030579200 0 0 0 0
1030492800 0 0 0 0
1030406400 0 0 0 0
1030320000 0 0 0 0
1030233600 0 0 0 0
1030147200 0 0 0 0
1030060800 0 0 0 0
1029974400 0 0 0 0
1029888000 0 0 0 0
1029801600 0 0 0 0
1029715200 0 0 0 0
1029628800 0 0 0 0
1029542400 0 0 0 0
1029456000 0 0 0 0
1029369600 0 0 0 0
1029283200 0 0 0 0
1029196800 0 0 0 0
1029110400 0 0 0 0
1029024000 0 0 0 0
1028937600 0 0 0 0
1028851200 0 0 0 0
1028764800 0 0 0 0
1028678400 0 0 0 0
1028592000 0 0 0 0
1028505600 0 0 0 0
1028419200 0 0 0 0
1028332800 0 0 0 0
1028246400 0 0 0 0
1028160000 0 0 0 0
1028073600 0 0 0 0
1027987200 0 0 0 0
1027900800 0 0 0 0
1027814400 0 0 0 0
1027728000 0 0 0 0
1027641600 0 0 0 0
1027555200 0 0 0 0
1027468800 0 0 0 0
1027382400 0 0 0 0
1027296000 0 0 0 0
1027209600 0 0 0 0
1027123200 0 0 0 0
1027036800 0 0 0 0
1026950400 0 0 0 0
1026864000 0 0 0 0
1026777600 0 0 0 0
1026691200 0 0 0 0
1026604800 0 0 0 0
1026518400 0 0 0 0
1026432000 0 0 0 0
1026345600 0 0 0 0
1026259200 0 0 0 0
1026172800 0 0 0 0
1026086400 0 0 0 0
1026000000 0 0 0 0
1025913600 0 0 0 0
1025827200 0 0 0 0
1025740800 0 0 0 0
1025654400 0 0 0 0
1025568000 0 0 0 0
1025481600 0 0 0 0
1025395200 0 0 0 0
1025308800 0 0 0 0
1025222400 0 0 0 0
1025136000 0 0 0 0
1025049600 0 0 0 0
1024963200 0 0 0 0
1024876800 0 0 0 0
1024790400 0 0 0 0
1024704000 0 0 0 0
1024617600 0 0 0 0
1024531200 0 0 0 0
1024444800 0 0 0 0
1024358400 0 0 0 0
1024272000 0 0 0 0
1024185600 0 0 0 0
1024099200 0 0 0 0
1024012800 0 0 0 0
1023926400 0 0 0 0
1023840000 0 0 0 0
1023753600 0 0 0 0
1023667200 0 0 0 0
1023580800 0 0 0 0
1023494400 0 0 0 0
1023408000 0 0 0 0
1023321600 0 0 0 0
1023235200 0 0 0 0
1023148800 0 0 0 0
1023062400 0 0 0 0
1022976000 0 0 0 0
1022889600 0 0 0 0
1022803200 0 0 0 0
1022716800 0 0 0 0
1022630400 0 0 0 0
1022544000 0 0 0 0
1022457600 0 0 0 0
1022371200 0 0 0 0
1022284800 0 0 0 0
1022198400 0 0 0 0
1022112000 0 0 0 0
1022025600 0 0 0 0
1021939200 0 0 0 0
1021852800 0 0 0 0
1021766400 0 0 0 0
1021680000 0 0 0 0
1021593600 0 0 0 0
1021507200 0 0 0 0
1021420800 0 0 0 0
1021334400 0 0 0 0
1021248000 0 0 0 0
1021161600 0 0 0 0
1021075200 0 0 0 0
1020988800 0 0 0 0
1020902400 0 0 0 0
1020816000 0 0 0 0
1020729600 0 0 0 0
1020643200 0 0 0 0
1020556800 0 0 0 0
1020470400 0 0 0 0
1020384000 0 0 0 0
1020297600 0 0 0 0
1020211200 0 0 0 0
1020124800 0 0 0 0
1020038400 0 0 0 0
1019952000 0 0 0 0
1019865600 0 0 0 0
1019779200 0 0 0 0
1019692800 0 0 0 0
1019606400 0 0 0 0
1019520000 0 0 0 0
1019433600 0 0 0 0
1019347200 0 0 0 0
1019260800 0 0 0 0
1019174400 0 0 0 0
1019088000 0 0 0 0
1019001600 0 0 0 0
1018915200 0 0 0 0
1018828800 0 0 0 0
1018742400 0 0 0 0
1018656000 0 0 0 0
1018569600 0 0 0 0
1018483200 0 0 0 0
1018396800 0 0 0 0
1018310400 0 0 0 0
1018224000 0 0 0 0
1018137600 0 0 0 0
1018051200 0 0 0 0
1017964800 0 0 0 0
1017878400 0 0 0 0
1017792000 0 0 0 0
1017705600 0 0 0 0
1017619200 0 0 0 0
1017532800 0 0 0 0
1017446400 0 0 0 0
1017360000 0 0 0 0
1017273600 0 0 0 0
1017187200 0 0 0 0
1017100800 0 0 0 0
1017014400 0 0 0 0
1016928000 0 0 0 0
1016841600 0 0 0 0
1016755200 0 0 0 0
1016668800 0 0 0 0
1016582400 0 0 0 0
1016496000 0 0 0 0
1016409600 0 0 0 0
1016323200 0 0 0 0
1016236800 0 0 0 0
1016150400 0 0 0 0
1016064000 0 0 0 0
1015977600 0 0 0 0
1015891200 0 0 0 0
1015804800 0 0 0 0
1015718400 0 0 0 0
1015632000 0 0 0 0
1015545600 0 0 0 0
1015459200 0 0 0 0
1015372800 0 0 0 0
1015286400 0 0 0 0
1015200000 0 0 0 0
1015113600 0 0 0 0
1015027200 0 0 0 0
1014940800 0 0 0 0
1014854400 0 0 0 0
1014768000 0 0 0 0
1014681600 0 0 0 0
1014595200 0 0 0 0
1014508800 0 0 0 0
1014422400 0 0 0 0
1014336000 0 0 0 0
1014249600 0 0 0 0
1014163200 0 0 0 0
1014076800 0 0 0 0
1013990400 0 0 0 0
1013904000 0 0 0 0
1013817600 0 0 0 0
1013731200 0 0 0 0
1013644800 0 0 0 0
1013558400 0 0 0 0
1013472000 0 0 0 0
1013385600 0 0 0 0
1013299200 0 0 0 0
1013212800 0 0 0 0
1013126400 0 0 0 0
1013040000 0 0 0 0
1012953600 0 0 0 0
1012867200 0 0 0 0
1012780800 0 0 0 0
1012694400 0 0 0 0
1012608000 0 0 0 0
1012521600 0 0 0 0
1012435200 0 0 0 0
1012348800 0 0 0 0
1012262400 0 0 0 0
1012176000 0 0 0 0
1012089600 0 0 0 0
1012003200 0 0 0 0
1011916800 0 0 0 0
1011830400 0 0 0 0
1011744000 0 0 0 0
1011657600 0 0 0 0
1011571200 0 0 0 0
1011484800 0 0 0 0
1011398400 0 0 0 0
1011312000 0 0 0 0
1011225600 0 0 0 0
1011139200 0 0 0 0
1011052800 0 0 0 0
1010966400 0 0 0 0
1010880000 0 0 0 0
1010793600 0 0 0 0
1010707200 0 0 0 0
1010620800 0 0 0 0
1010534400 0 0 0 0
1010448000 0 0 0 0
1010361600 0 0 0 0
1010275200 0 0 0 0
1010188800 0 0 0 0
1010102400 0 0 0 0
1010016000 0 0 0 0
1009929600 0 0 0 0
1009843200 0 0 0 0
1009756800 0 0 0 0
1009670400 0 0 0 0
1009584000 0 0 0 0
1009497600 0 0 0 0
1009411200 0 0 0 0
1009324800 0 0 0 0
1009238400 0 0 0 0
1009152000 0 0 0 0
1009065600 0 0 0 0
1008979200 0 0 0 0
1008892800 0 0 0 0
1008806400 0 0 0 0
1008720000 0 0 0 0
1008633600 0 0 0 0
1008547200 0 0 0 0
1008460800 0 0 0 0
1008374400 0 0 0 0
1008288000 0 0 0 0
1008201600 0 0 0 0
1008115200 0 0 0 0
1008028800 0 0 0 0
1007942400 0 0 0 0
1007856000 0 0 0 0
1007769600 0 0 0 0
1007683200 0 0 0 0
1007596800 0 0 0 0
1007510400 0 0 0 0
1007424000 0 0 0 0
1007337600 0 0 0 0
1007251200 0 0 0 0
1007164800 0 0 0 0
1007078400 0 0 0 0
1006992000 0 0 0 0
1006905600 0 0 0 0
1006819200 0 0 0 0
1006732800 0 0 0 0
1006646400 0 0 0 0
1006560000 0 0 0 0
1006473600 0 0 0 0
1006387200 0 0 0 0
1006300800 0 0 0 0
1006214400 0 0 0 0
1006128000 0 0 0 0
1006041600 0 0 0 0
1005955200 0 0 0 0
1005868800 0 0 0 0
1005782400 0 0 0 0
1005696000 0 0 0 0
1005609600 0 0 0 0
1005523200 0 0 0 0
1005436800 0 0 0 0
1005350400 0 0 0 0
1005264000 0 0 0 0
1005177600 0 0 0 0
1005091200 0 0 0 0
1005004800 0 0 0 0
1004918400 0 0 0 0
1004832000 0 0 0 0
1004745600 0 0 0 0
1004659200 0 0 0 0
1004572800 0 0 0 0
1004486400 0 0 0 0
1004400000 0 0 0 0
1004313600 0 0 0 0
1004227200 0 0 0 0
1004140800 0 0 0 0
1004054400 0 0 0 0
1003968000 0 0 0 0
1003881600 0 0 0 0
1003795200 0 0 0 0
1003708800 0 0 0 0
1003622400 0 0 0 0
1003536000 0 0 0 0
1003449600 0 0 0 0
1003363200 0 0 0 0
1003276800 0 0 0 0
1003190400 0 0 0 0
1003104000 0 0 0 0
1003017600 0 0 0 0
1002931200 0 0 0 0
1002844800 0 0 0 0
1002758400 0 0 0 0
1002672000 0 0 0 0
1002585600 0 0 0 0
1002499200 0 0 0 0
1002412800 0 0 0 0
1002326400 0 0 0 0
1002240000 0 0 0 0
1002153600 0 0 0 0
1002067200 0 0 0 0
1001980800 0 0 0 0
1001894400 0 0 0 0
1001808000 0 0 0 0
1001721600 0 0 0 0
1001635200 0 0 0 0
1001548800 0 0 0 0
1001462400 0 0 0 0
1001376000 0 0 0 0
1001289600 0 0 0 0
1001203200 0 0 0 0
1001116800 0 0 0 0
1001030400 0 0 0 0
1000944000 0 0 0 0
1000857600 0 0 0 0
1000771200 0 0 0 0
1000684800 0 0 0 0
1000598400 0 0 0 0
1000512000 0 0 0 0
1000425600 0 0 0 0
1000339200 0 0 0 0
1000252800 0 0 0 0
1000166400 0 0 0 0
1000080000 0 0 0 0
999993600 0 0 0 0
999907200 0 0 0 0
999820800 0 0 0 0
999734400 0 0 0 0
999648000 0 0 0 0
999561600 0 0 0 0
999475200 0 0 0 0
999388800 0 0 0 0
999302400 0 0 0 0
999216000 0 0 0 0
999129600 0 0 0 0
999043200 0 0 0 0
998956800 0 0 0 0
998870400 0 0 0 0
998784000 0 0 0 0
998697600 0 0 0 0
998611200 0 0 0 0
998524800 0 0 0 0
998438400 0 0 0 0
998352000 0 0 0 0
998265600 0 0 0 0
998179200 0 0 0 0
998092800 0 0 0 0
998006400 0 0 0 0
997920000 0 0 0 0
997833600 0 0 0 0
997747200 0 0 0 0
997660800 0 0 0 0
997574400 0 0 0 0
997488000 0 0 0 0
997401600 0 0 0 0
997315200 0 0 0 0
997228800 0 0 0 0
997142400 0 0 0 0
997056000 0 0 0 0
996969600 0 0 0 0
996883200 0 0 0 0
996796800 0 0 0 0
996710400 0 0 0 0
996624000 0 0 0 0
996537600 0 0 0 0
996451200 0 0 0 0
996364800 0 0 0 0
996278400 0 0 0 0
996192000 0 0 0 0
996105600 0 0 0 0
996019200 0 0 0 0
995932800 0 0 0 0
995846400 0 0 0 0
995760000 0 0 0 0
995673600 0 0 0 0
995587200 0 0 0 0
995500800 0 0 0 0
995414400 0 0 0 0
995328000 0 0 0 0
995241600 0 0 0 0
995155200 0 0 0 0
995068800 0 0 0 0
994982400 0 0 0 0
994896000 0 0 0 0
994809600 0 0 0 0
994723200 0 0 0 0
994636800 0 0 0 0
994550400 0 0 0 0
994464000 0 0 0 0
994377600 0 0 0 0
994291200 0 0 0 0
994204800 0 0 0 0
994118400 0 0 0 0
994032000 0 0 0 0
993945600 0 0 0 0
993859200 0 0 0 0
993772800 0 0 0 0
993686400 0 0 0 0
993600000 0 0 0 0
993513600 0 0 0 0
993427200 0 0 0 0
993340800 0 0 0 0
993254400 0 0 0 0
993168000 0 0 0 0
993081600 0 0 0 0
992995200 0 0 0 0
992908800 0 0 0 0
992822400 0 0 0 0
992736000 0 0 0 0
992649600 0 0 0 0
992563200 0 0 0 0
992476800 0 0 0 0
992390400 0 0 0 0
992304000 0 0 0 0
992217600 0 0 0 0
992131200 0 0 0 0
992044800 0 0 0 0
991958400 0 0 0 0
991872000 0 0 0 0
991785600 0 0 0 0
991699200 0 0 0 0
991612800 0 0 0 0
991526400 0 0 0 0
991440000 0 0 0 0
991353600 0 0 0 0
991267200 0 0 0 0
991180800 0 0 0 0
991094400 0 0 0 0
991008000 0 0 0 0
990921600 0 0 0 0
990835200 0 0 0 0
990748800 0 0 0 0
990662400 0 0 0 0
990576000 0 0 0 0
990489600 0 0 0 0
990403200 0 0 0 0
990316800 0 0 0 0
990230400 0 0 0 0
990144000 0 0 0 0
990057600 0 0 0 0
989971200 0 0 0 0
989884800 0 0 0 0
989798400 0 0 0 0
989712000 0 0 0 0
989625600 0 0 0 0
989539200 0 0 0 0
989452800 0 0 0 0
989366400 0 0 0 0
989280000 0 0 0 0
989193600 0 0 0 0
989107200 0 0 0 0
989020800 0 0 0 0
988934400 0 0 0 0
988848000 0 0 0 0
988761600 0 0 0 0
988675200 0 0 0 0
988588800 0 0 0 0
988502400 0 0 0 0
988416000 0 0 0 0
988329600 0 0 0 0
988243200 0 0 0 0
988156800 0 0 0 0
988070400 0 0 0 0
987984000 0 0 0 0
987897600 0 0 0 0
987811200 0 0 0 0
987724800 0 0 0 0
987638400 0 0 0 0
987552000 0 0 0 0
987465600 0 0 0 0
987379200 0 0 0 0
987292800 0 0 0 0
987206400 0 0 0 0
987120000 0 0 0 0
987033600 0 0 0 0
986947200 0 0 0 0
986860800 0 0 0 0
986774400 0 0 0 0
986688000 0 0 0 0
986601600 0 0 0 0
986515200 0 0 0 0
986428800 0 0 0 0
986342400 0 0 0 0
986256000 0 0 0 0
986169600 0 0 0 0
986083200 0 0 0 0
985996800 0 0 0 0
985910400 0 0 0 0
985824000 0 0 0 0
985737600 0 0 0 0
985651200 0 0 0 0
985564800 0 0 0 0
985478400 0 0 0 0
985392000 0 0 0 0
985305600 0 0 0 0
985219200 0 0 0 0
985132800 0 0 0 0
985046400 0 0 0 0
984960000 0 0 0 0
984873600 0 0 0 0
984787200 0 0 0 0
984700800 0 0 0 0
984614400 0 0 0 0
984528000 0 0 0 0
984441600 0 0 0 0
984355200 0 0 0 0
984268800 0 0 0 0
984182400 0 0 0 0
984096000 0 0 0 0
984009600 0 0 0 0
983923200 0 0 0 0
983836800 0 0 0 0
983750400 0 0 0 0
983664000 0 0 0 0
983577600 0 0 0 0
983491200 0 0 0 0
983404800 0 0 0 0
983318400 0 0 0 0
983232000 0 0 0 0
983145600 0 0 0 0
983059200 0 0 0 0
982972800 0 0 0 0
982886400 0 0 0 0
982800000 0 0 0 0
982713600 0 0 0 0
982627200 0 0 0 0
982540800 0 0 0 0
982454400 0 0 0 0
982368000 0 0 0 0
982281600 0 0 0 0
982195200 0 0 0 0
982108800 0 0 0 0
982022400 0 0 0 0
981936000 0 0 0 0
981849600 0 0 0 0
981763200 0 0 0 0
981676800 0 0 0 0
981590400 0 0 0 0
981504000 0 0 0 0
981417600 0 0 0 0
981331200 0 0 0 0
981244800 0 0 0 0
981158400 0 0 0 0
981072000 0 0 0 0
980985600 0 0 0 0
980899200 0 0 0 0
980812800 0 0 0 0
980726400 0 0 0 0
980640000 0 0 0 0
980553600 0 0 0 0
980467200 0 0 0 0
980380800 0 0 0 0
980294400 0 0 0 0
980208000 0 0 0 0
980121600 0 0 0 0
980035200 0 0 0 0
979948800 0 0 0 0
979862400 0 0 0 0
979776000 0 0 0 0
